  main.cpp
e:\leoprat\documents\license plate recognition git\licenseplaterecognition\project1\main.cpp(52): warning C4305: 'initializing': truncation from 'double' to 'float'
e:\leoprat\documents\license plate recognition git\licenseplaterecognition\project1\main.cpp(54): warning C4305: 'initializing': truncation from 'double' to 'float'
e:\leoprat\documents\license plate recognition git\licenseplaterecognition\project1\main.cpp(56): warning C4244: 'initializing': conversion from 'float' to 'int', possible loss of data
e:\leoprat\documents\license plate recognition git\licenseplaterecognition\project1\main.cpp(57): warning C4244: 'initializing': conversion from 'float' to 'int', possible loss of data
e:\leoprat\documents\license plate recognition git\licenseplaterecognition\project1\main.cpp(61): warning C4244: 'initializing': conversion from '_Tp' to 'int', possible loss of data
          with
          [
              _Tp=float
          ]
e:\leoprat\documents\license plate recognition git\licenseplaterecognition\project1\main.cpp(163): warning C4244: '=': conversion from 'double' to 'float', possible loss of data
e:\leoprat\documents\license plate recognition git\licenseplaterecognition\project1\main.cpp(165): warning C4244: 'argument': conversion from 'time_t' to 'unsigned int', possible loss of data
e:\leoprat\documents\license plate recognition git\licenseplaterecognition\project1\main.cpp(179): warning C4244: '=': conversion from '_Tp' to '_Tp', possible loss of data
          with
          [
              _Tp=float
          ]
          and
          [
              _Tp=int
          ]
e:\leoprat\documents\license plate recognition git\licenseplaterecognition\project1\main.cpp(180): warning C4244: '=': conversion from '_Tp' to '_Tp', possible loss of data
          with
          [
              _Tp=float
          ]
          and
          [
              _Tp=int
          ]
  Project1.vcxproj -> E:\LeoPrat\Documents\License Plate Recognition Git\LicensePlateRecognition\x64\Debug\Project1.exe
